     1                                  bits 32 ; assembling for the 32 bits architecture
     2                                  
     3                                  ; declare the EntryPoint (a label defining the very first instruction of the program)
     4                                  global start        
     5                                  
     6                                  ; declare external functions needed by our program
     7                                  extern exit               ; tell nasm that exit exists even if we won't be defining it
     8                                  import exit msvcrt.dll    ; exit is a function that ends the calling process. It is defined in msvcrt.dll
     9                                                            ; msvcrt.dll contains exit, printf and all the other important C-runtime specific functions
    10                                  
    11                                  ; our data is declared here (the variables needed by our program)
    12                                  segment data use32 class=data
    13 00000000 785634124D3C2B1A            T dd 12345678h, 1a2b3c4dh
    14                                      ls equ ($-T)/4
    15 00000008 <res 00000002>              R resb ls
    16                                      
    17                                  
    18                                  ; our code starts here
    19                                  segment code use32 class=code
    20                                      start:
    21                                  
    22 00000000 BE[00000000]                    mov esi, T
    23 00000005 BF[08000000]                    mov edi, R
    24 0000000A B902000000                      mov ecx, ls
    25 0000000F FC                              cld ; pentru a parcurge sirul de la sanga la dreapta
    26                                          repeta:
    27 00000010 AC                                  LODSB;
    28 00000011 AA                                  STOSB; 
    29 00000012 83C603                              add esi, 3
    30 00000015 E2F9                            loop repeta
    31                                      
    32                                          ; exit(0)
    33 00000017 6A00                            push    dword 0      ; push the parameter for exit onto the stack
    34 00000019 FF15[00000000]                  call    [exit]       ; call exit to terminate the program
